<?xml version="1.0" encoding="UTF-8"?>
<!-- Generated by org.testng.reporters.JUnitXMLReporter -->
<testsuite ignored="2" hostname="WINDOWS-1TQF3AJ" failures="0" tests="0" time="0.01" errors="0" timestamp="2020-12-11T11:08:39 CST">
  <testcase classname="com.ups.testRunner.UpsLoginTestRunner" name="loginErrorMsgTest" time="0.0">
    <ignored/>
  </testcase> <!-- loginErrorMsgTest -->
  <testcase classname="com.ups.testRunner.UpsLoginTestRunner" name="forgotLinkTest" time="0.0">
    <ignored/>
  </testcase> <!-- forgotLinkTest -->
</testsuite>
