<?xml version="1.0" encoding="UTF-8"?>
<!-- Generated by org.testng.reporters.JUnitXMLReporter -->
<testsuite ignored="2" hostname="WINDOWS-1TQF3AJ" failures="0" tests="0" time="12.864" errors="0" timestamp="2020-12-11T13:27:34 CST">
  <testcase classname="com.ups.testRunner.UpsShippingTestRunner" name="shippingErrorMsgTest" time="0.0">
    <ignored/>
  </testcase> <!-- shippingErrorMsgTest -->
  <testcase classname="com.ups.testRunner.UpsShippingTestRunner" name="canceShipmentLinkTest" time="0.0">
    <ignored/>
  </testcase> <!-- canceShipmentLinkTest -->
</testsuite>
