<?xml version="1.0" encoding="UTF-8"?>
<!-- Generated by org.testng.reporters.JUnitXMLReporter -->
<testsuite ignored="2" hostname="WINDOWS-1TQF3AJ" failures="0" tests="0" time="12.993" errors="0" timestamp="2020-12-11T13:28:24 CST">
  <testcase classname="com.ups.testRunner.UpsTrackingTestRunner" name="trackingErrorMsgTest" time="0.0">
    <ignored/>
  </testcase> <!-- trackingErrorMsgTest -->
  <testcase classname="com.ups.testRunner.UpsTrackingTestRunner" name="trackBtnLinkTest" time="0.0">
    <ignored/>
  </testcase> <!-- trackBtnLinkTest -->
</testsuite>
